<?xml version="1.0" encoding="UTF-8" ?>
<testsuite errors="0" failures="0" hostname="danny-lt" name="bitterbidder.CustomerTests" tests="1" time="1.286" timestamp="2012-02-08T00:35:41">
  <properties />
  <testcase classname="bitterbidder.CustomerTests" name="test_Email_WhenNull_ValidationErrorOccurs" time="1.21" />
  <system-out><![CDATA[]]></system-out>
  <system-err><![CDATA[--Output from test_Email_WhenNull_ValidationErrorOccurs--
]]></system-err>
</testsuite>
